# JRE version: Java(TM) SE Runtime Environment (13.0+33) (build 13+33)
# Java VM: Java HotSpot(TM) 64-Bit Server VM (13+33, mixed mode, sharing, tiered, compressed oops, parallel gc, windows-amd64)
Heap:
 PSYoungGen      total 19968K, used 4908K [0x00000000eab00000, 0x00000000ec800000, 0x0000000100000000)
  eden space 18432K, 19% used [0x00000000eab00000,0x00000000eae8ac90,0x00000000ebd00000)
  from space 1536K, 83% used [0x00000000ec400000,0x00000000ec5405e0,0x00000000ec580000)
  to   space 2048K, 0% used [0x00000000ec600000,0x00000000ec600000,0x00000000ec800000)
 ParOldGen       total 107520K, used 87917K [0x00000000c0000000, 0x00000000c6900000, 0x00000000eab00000)
  object space 107520K, 81% used [0x00000000c0000000,0x00000000c55db618,0x00000000c6900000)
 Metaspace       used 55169K, capacity 58345K, committed 58496K, reserved 1101824K
  class space    used 5832K, capacity 6978K, committed 7040K, reserved 1048576K
GC Heap History (20 events):
Event: 7.206 GC heap before
{Heap before GC invocations=18 (full 2):
 PSYoungGen      total 25088K, used 25087K [0x00000000eab00000, 0x00000000ece80000, 0x0000000100000000)
  eden space 22016K, 100% used [0x00000000eab00000,0x00000000ec080000,0x00000000ec080000)
  from space 3072K, 99% used [0x00000000ec100000,0x00000000ec3ffd20,0x00000000ec400000)
  to   space 7168K, 0% used [0x00000000ec780000,0x00000000ec780000,0x00000000ece80000)
 ParOldGen       total 79872K, used 68871K [0x00000000c0000000, 0x00000000c4e00000, 0x00000000eab00000)
  object space 79872K, 86% used [0x00000000c0000000,0x00000000c4341d60,0x00000000c4e00000)
 Metaspace       used 45791K, capacity 48371K, committed 48384K, reserved 1091584K
  class space    used 4987K, capacity 5887K, committed 5888K, reserved 1048576K
}
Event: 7.214 GC heap after
{Heap after GC invocations=18 (full 2):
 PSYoungGen      total 28160K, used 6048K [0x00000000eab00000, 0x00000000ecd80000, 0x0000000100000000)
  eden space 22016K, 0% used [0x00000000eab00000,0x00000000eab00000,0x00000000ec080000)
  from space 6144K, 98% used [0x00000000ec780000,0x00000000ecd68000,0x00000000ecd80000)
  to   space 6656K, 0% used [0x00000000ec080000,0x00000000ec080000,0x00000000ec700000)
 ParOldGen       total 79872K, used 70981K [0x00000000c0000000, 0x00000000c4e00000, 0x00000000eab00000)
  object space 79872K, 88% used [0x00000000c0000000,0x00000000c45514c8,0x00000000c4e00000)
 Metaspace       used 45791K, capacity 48371K, committed 48384K, reserved 1091584K
  class space    used 4987K, capacity 5887K, committed 5888K, reserved 1048576K
}
Event: 7.361 GC heap before
{Heap before GC invocations=19 (full 2):
 PSYoungGen      total 28160K, used 28064K [0x00000000eab00000, 0x00000000ecd80000, 0x0000000100000000)
  eden space 22016K, 100% used [0x00000000eab00000,0x00000000ec080000,0x00000000ec080000)
  from space 6144K, 98% used [0x00000000ec780000,0x00000000ecd68000,0x00000000ecd80000)
  to   space 6656K, 0% used [0x00000000ec080000,0x00000000ec080000,0x00000000ec700000)
 ParOldGen       total 79872K, used 70981K [0x00000000c0000000, 0x00000000c4e00000, 0x00000000eab00000)
  object space 79872K, 88% used [0x00000000c0000000,0x00000000c45514c8,0x00000000c4e00000)
 Metaspace       used 45820K, capacity 48371K, committed 48384K, reserved 1091584K
  class space    used 4989K, capacity 5887K, committed 5888K, reserved 1048576K
}
Event: 7.396 GC heap after
{Heap after GC invocations=19 (full 2):
 PSYoungGen      total 28672K, used 6624K [0x00000000eab00000, 0x00000000ef180000, 0x0000000100000000)
  eden space 22016K, 0% used [0x00000000eab00000,0x00000000eab00000,0x00000000ec080000)
  from space 6656K, 99% used [0x00000000ec080000,0x00000000ec6f8010,0x00000000ec700000)
  to   space 25088K, 0% used [0x00000000ed900000,0x00000000ed900000,0x00000000ef180000)
 ParOldGen       total 88576K, used 86229K [0x00000000c0000000, 0x00000000c5680000, 0x00000000eab00000)
  object space 88576K, 97% used [0x00000000c0000000,0x00000000c54354c8,0x00000000c5680000)
 Metaspace       used 45820K, capacity 48371K, committed 48384K, reserved 1091584K
  class space    used 4989K, capacity 5887K, committed 5888K, reserved 1048576K
}
Event: 7.396 GC heap before
{Heap before GC invocations=20 (full 3):
 PSYoungGen      total 28672K, used 6624K [0x00000000eab00000, 0x00000000ef180000, 0x0000000100000000)
  eden space 22016K, 0% used [0x00000000eab00000,0x00000000eab00000,0x00000000ec080000)
  from space 6656K, 99% used [0x00000000ec080000,0x00000000ec6f8010,0x00000000ec700000)
  to   space 25088K, 0% used [0x00000000ed900000,0x00000000ed900000,0x00000000ef180000)
 ParOldGen       total 88576K, used 86229K [0x00000000c0000000, 0x00000000c5680000, 0x00000000eab00000)
  object space 88576K, 97% used [0x00000000c0000000,0x00000000c54354c8,0x00000000c5680000)
 Metaspace       used 45820K, capacity 48371K, committed 48384K, reserved 1091584K
  class space    used 4989K, capacity 5887K, committed 5888K, reserved 1048576K
}
Event: 7.581 GC heap after
{Heap after GC invocations=20 (full 3):
 PSYoungGen      total 47104K, used 0K [0x00000000eab00000, 0x00000000ef180000, 0x0000000100000000)
  eden space 22016K, 0% used [0x00000000eab00000,0x00000000eab00000,0x00000000ec080000)
  from space 25088K, 0% used [0x00000000ed900000,0x00000000ed900000,0x00000000ef180000)
  to   space 25088K, 0% used [0x00000000ec080000,0x00000000ec080000,0x00000000ed900000)
 ParOldGen       total 107520K, used 64655K [0x00000000c0000000, 0x00000000c6900000, 0x00000000eab00000)
  object space 107520K, 60% used [0x00000000c0000000,0x00000000c3f23df8,0x00000000c6900000)
 Metaspace       used 45820K, capacity 48371K, committed 48384K, reserved 1091584K
  class space    used 4989K, capacity 5887K, committed 5888K, reserved 1048576K
}
Event: 7.685 GC heap before
{Heap before GC invocations=21 (full 3):
 PSYoungGen      total 47104K, used 22016K [0x00000000eab00000, 0x00000000ef180000, 0x0000000100000000)
  eden space 22016K, 100% used [0x00000000eab00000,0x00000000ec080000,0x00000000ec080000)
  from space 25088K, 0% used [0x00000000ed900000,0x00000000ed900000,0x00000000ef180000)
  to   space 25088K, 0% used [0x00000000ec080000,0x00000000ec080000,0x00000000ed900000)
 ParOldGen       total 107520K, used 64655K [0x00000000c0000000, 0x00000000c6900000, 0x00000000eab00000)
  object space 107520K, 60% used [0x00000000c0000000,0x00000000c3f23df8,0x00000000c6900000)
 Metaspace       used 45987K, capacity 48563K, committed 48640K, reserved 1091584K
  class space    used 4995K, capacity 5887K, committed 5888K, reserved 1048576K
}
Event: 7.696 GC heap after
{Heap after GC invocations=21 (full 3):
 PSYoungGen      total 38400K, used 16608K [0x00000000eab00000, 0x00000000ee400000, 0x0000000100000000)
  eden space 21504K, 0% used [0x00000000eab00000,0x00000000eab00000,0x00000000ec000000)
  from space 16896K, 98% used [0x00000000ec080000,0x00000000ed0b8000,0x00000000ed100000)
  to   space 18432K, 0% used [0x00000000ed200000,0x00000000ed200000,0x00000000ee400000)
 ParOldGen       total 107520K, used 64655K [0x00000000c0000000, 0x00000000c6900000, 0x00000000eab00000)
  object space 107520K, 60% used [0x00000000c0000000,0x00000000c3f23df8,0x00000000c6900000)
 Metaspace       used 45987K, capacity 48563K, committed 48640K, reserved 1091584K
  class space    used 4995K, capacity 5887K, committed 5888K, reserved 1048576K
}
Event: 8.142 GC heap before
{Heap before GC invocations=22 (full 3):
 PSYoungGen      total 38400K, used 38112K [0x00000000eab00000, 0x00000000ee400000, 0x0000000100000000)
  eden space 21504K, 100% used [0x00000000eab00000,0x00000000ec000000,0x00000000ec000000)
  from space 16896K, 98% used [0x00000000ec080000,0x00000000ed0b8000,0x00000000ed100000)
  to   space 18432K, 0% used [0x00000000ed200000,0x00000000ed200000,0x00000000ee400000)
 ParOldGen       total 107520K, used 64655K [0x00000000c0000000, 0x00000000c6900000, 0x00000000eab00000)
  object space 107520K, 60% used [0x00000000c0000000,0x00000000c3f23df8,0x00000000c6900000)
 Metaspace       used 49418K, capacity 52148K, committed 52352K, reserved 1095680K
  class space    used 5283K, capacity 6162K, committed 6272K, reserved 1048576K
}
Event: 8.153 GC heap after
{Heap after GC invocations=22 (full 3):
 PSYoungGen      total 36864K, used 18417K [0x00000000eab00000, 0x00000000eea00000, 0x0000000100000000)
  eden space 18432K, 0% used [0x00000000eab00000,0x00000000eab00000,0x00000000ebd00000)
  from space 18432K, 99% used [0x00000000ed200000,0x00000000ee3fc6a8,0x00000000ee400000)
  to   space 21504K, 0% used [0x00000000ebd00000,0x00000000ebd00000,0x00000000ed200000)
 ParOldGen       total 107520K, used 66951K [0x00000000c0000000, 0x00000000c6900000, 0x00000000eab00000)
  object space 107520K, 62% used [0x00000000c0000000,0x00000000c4161df8,0x00000000c6900000)
 Metaspace       used 49418K, capacity 52148K, committed 52352K, reserved 1095680K
  class space    used 5283K, capacity 6162K, committed 6272K, reserved 1048576K
}
Event: 9.069 GC heap before
{Heap before GC invocations=23 (full 3):
 PSYoungGen      total 36864K, used 36849K [0x00000000eab00000, 0x00000000eea00000, 0x0000000100000000)
  eden space 18432K, 100% used [0x00000000eab00000,0x00000000ebd00000,0x00000000ebd00000)
  from space 18432K, 99% used [0x00000000ed200000,0x00000000ee3fc6a8,0x00000000ee400000)
  to   space 21504K, 0% used [0x00000000ebd00000,0x00000000ebd00000,0x00000000ed200000)
 ParOldGen       total 107520K, used 66951K [0x00000000c0000000, 0x00000000c6900000, 0x00000000eab00000)
  object space 107520K, 62% used [0x00000000c0000000,0x00000000c4161df8,0x00000000c6900000)
 Metaspace       used 52480K, capacity 55387K, committed 55552K, reserved 1097728K
  class space    used 5597K, capacity 6603K, committed 6656K, reserved 1048576K
}
Event: 9.085 GC heap after
{Heap after GC invocations=23 (full 3):
 PSYoungGen      total 20480K, used 1776K [0x00000000eab00000, 0x00000000ed280000, 0x0000000100000000)
  eden space 18432K, 0% used [0x00000000eab00000,0x00000000eab00000,0x00000000ebd00000)
  from space 2048K, 86% used [0x00000000ebd00000,0x00000000ebebc020,0x00000000ebf00000)
  to   space 9216K, 0% used [0x00000000ec980000,0x00000000ec980000,0x00000000ed280000)
 ParOldGen       total 107520K, used 85323K [0x00000000c0000000, 0x00000000c6900000, 0x00000000eab00000)
  object space 107520K, 79% used [0x00000000c0000000,0x00000000c5352fa8,0x00000000c6900000)
 Metaspace       used 52480K, capacity 55387K, committed 55552K, reserved 1097728K
  class space    used 5597K, capacity 6603K, committed 6656K, reserved 1048576K
}
Event: 9.618 GC heap before
{Heap before GC invocations=24 (full 3):
 PSYoungGen      total 20480K, used 20208K [0x00000000eab00000, 0x00000000ed280000, 0x0000000100000000)
  eden space 18432K, 100% used [0x00000000eab00000,0x00000000ebd00000,0x00000000ebd00000)
  from space 2048K, 86% used [0x00000000ebd00000,0x00000000ebebc020,0x00000000ebf00000)
  to   space 9216K, 0% used [0x00000000ec980000,0x00000000ec980000,0x00000000ed280000)
 ParOldGen       total 107520K, used 85323K [0x00000000c0000000, 0x00000000c6900000, 0x00000000eab00000)
  object space 107520K, 79% used [0x00000000c0000000,0x00000000c5352fa8,0x00000000c6900000)
 Metaspace       used 53348K, capacity 56257K, committed 56448K, reserved 1099776K
  class space    used 5679K, capacity 6743K, committed 6784K, reserved 1048576K
}
Event: 9.623 GC heap after
{Heap after GC invocations=24 (full 3):
 PSYoungGen      total 21504K, used 3004K [0x00000000eab00000, 0x00000000ecc80000, 0x0000000100000000)
  eden space 18432K, 0% used [0x00000000eab00000,0x00000000eab00000,0x00000000ebd00000)
  from space 3072K, 97% used [0x00000000ec980000,0x00000000ecc6f030,0x00000000ecc80000)
  to   space 4096K, 0% used [0x00000000ec480000,0x00000000ec480000,0x00000000ec880000)
 ParOldGen       total 107520K, used 85331K [0x00000000c0000000, 0x00000000c6900000, 0x00000000eab00000)
  object space 107520K, 79% used [0x00000000c0000000,0x00000000c5354fa8,0x00000000c6900000)
 Metaspace       used 53348K, capacity 56257K, committed 56448K, reserved 1099776K
  class space    used 5679K, capacity 6743K, committed 6784K, reserved 1048576K
}
Event: 10.023 GC heap before
{Heap before GC invocations=25 (full 3):
 PSYoungGen      total 21504K, used 21436K [0x00000000eab00000, 0x00000000ecc80000, 0x0000000100000000)
  eden space 18432K, 99% used [0x00000000eab00000,0x00000000ebcffff0,0x00000000ebd00000)
  from space 3072K, 97% used [0x00000000ec980000,0x00000000ecc6f030,0x00000000ecc80000)
  to   space 4096K, 0% used [0x00000000ec480000,0x00000000ec480000,0x00000000ec880000)
 ParOldGen       total 107520K, used 85331K [0x00000000c0000000, 0x00000000c6900000, 0x00000000eab00000)
  object space 107520K, 79% used [0x00000000c0000000,0x00000000c5354fa8,0x00000000c6900000)
 Metaspace       used 53689K, capacity 56734K, committed 57088K, reserved 1099776K
  class space    used 5704K, capacity 6794K, committed 6912K, reserved 1048576K
}
Event: 10.029 GC heap after
{Heap after GC invocations=25 (full 3):
 PSYoungGen      total 21504K, used 2688K [0x00000000eab00000, 0x00000000eca00000, 0x0000000100000000)
  eden space 18432K, 0% used [0x00000000eab00000,0x00000000eab00000,0x00000000ebd00000)
  from space 3072K, 87% used [0x00000000ec480000,0x00000000ec7200f0,0x00000000ec780000)
  to   space 2560K, 0% used [0x00000000ec780000,0x00000000ec780000,0x00000000eca00000)
 ParOldGen       total 107520K, used 85339K [0x00000000c0000000, 0x00000000c6900000, 0x00000000eab00000)
  object space 107520K, 79% used [0x00000000c0000000,0x00000000c5356fa8,0x00000000c6900000)
 Metaspace       used 53689K, capacity 56734K, committed 57088K, reserved 1099776K
  class space    used 5704K, capacity 6794K, committed 6912K, reserved 1048576K
}
Event: 11.167 GC heap before
{Heap before GC invocations=26 (full 3):
 PSYoungGen      total 21504K, used 21120K [0x00000000eab00000, 0x00000000eca00000, 0x0000000100000000)
  eden space 18432K, 100% used [0x00000000eab00000,0x00000000ebd00000,0x00000000ebd00000)
  from space 3072K, 87% used [0x00000000ec480000,0x00000000ec7200f0,0x00000000ec780000)
  to   space 2560K, 0% used [0x00000000ec780000,0x00000000ec780000,0x00000000eca00000)
 ParOldGen       total 107520K, used 85339K [0x00000000c0000000, 0x00000000c6900000, 0x00000000eab00000)
  object space 107520K, 79% used [0x00000000c0000000,0x00000000c5356fa8,0x00000000c6900000)
 Metaspace       used 54535K, capacity 57714K, committed 57856K, reserved 1099776K
  class space    used 5813K, capacity 6904K, committed 6912K, reserved 1048576K
}
Event: 11.169 GC heap after
{Heap after GC invocations=26 (full 3):
 PSYoungGen      total 20992K, used 2541K [0x00000000eab00000, 0x00000000eca00000, 0x0000000100000000)
  eden space 18432K, 0% used [0x00000000eab00000,0x00000000eab00000,0x00000000ebd00000)
  from space 2560K, 99% used [0x00000000ec780000,0x00000000ec9fb600,0x00000000eca00000)
  to   space 3072K, 0% used [0x00000000ec400000,0x00000000ec400000,0x00000000ec700000)
 ParOldGen       total 107520K, used 85787K [0x00000000c0000000, 0x00000000c6900000, 0x00000000eab00000)
  object space 107520K, 79% used [0x00000000c0000000,0x00000000c53c6fa8,0x00000000c6900000)
 Metaspace       used 54535K, capacity 57714K, committed 57856K, reserved 1099776K
  class space    used 5813K, capacity 6904K, committed 6912K, reserved 1048576K
}
Event: 12.947 GC heap before
{Heap before GC invocations=27 (full 3):
 PSYoungGen      total 20992K, used 20973K [0x00000000eab00000, 0x00000000eca00000, 0x0000000100000000)
  eden space 18432K, 100% used [0x00000000eab00000,0x00000000ebd00000,0x00000000ebd00000)
  from space 2560K, 99% used [0x00000000ec780000,0x00000000ec9fb600,0x00000000eca00000)
  to   space 3072K, 0% used [0x00000000ec400000,0x00000000ec400000,0x00000000ec700000)
 ParOldGen       total 107520K, used 85787K [0x00000000c0000000, 0x00000000c6900000, 0x00000000eab00000)
  object space 107520K, 79% used [0x00000000c0000000,0x00000000c53c6fa8,0x00000000c6900000)
 Metaspace       used 54840K, capacity 58011K, committed 58240K, reserved 1099776K
  class space    used 5820K, capacity 6938K, committed 7040K, reserved 1048576K
}
Event: 12.950 GC heap after
{Heap after GC invocations=27 (full 3):
 PSYoungGen      total 19968K, used 1281K [0x00000000eab00000, 0x00000000ec800000, 0x0000000100000000)
  eden space 18432K, 0% used [0x00000000eab00000,0x00000000eab00000,0x00000000ebd00000)
  from space 1536K, 83% used [0x00000000ec400000,0x00000000ec5405e0,0x00000000ec580000)
  to   space 2048K, 0% used [0x00000000ec600000,0x00000000ec600000,0x00000000ec800000)
 ParOldGen       total 107520K, used 87917K [0x00000000c0000000, 0x00000000c6900000, 0x00000000eab00000)
  object space 107520K, 81% used [0x00000000c0000000,0x00000000c55db618,0x00000000c6900000)
 Metaspace       used 54840K, capacity 58011K, committed 58240K, reserved 1099776K
  class space    used 5820K, capacity 6938K, committed 7040K, reserved 1048576K
}

