# JRE version: Java(TM) SE Runtime Environment (13.0+33) (build 13+33)
# Java VM: Java HotSpot(TM) 64-Bit Server VM (13+33, mixed mode, sharing, tiered, compressed oops, parallel gc, windows-amd64)
Heap:
 PSYoungGen      total 3584K, used 502K [0x00000000eab00000, 0x00000000eb200000, 0x0000000100000000)
  eden space 3072K, 0% used [0x00000000eab00000,0x00000000eab00000,0x00000000eae00000)
  from space 512K, 98% used [0x00000000eae80000,0x00000000eaefd888,0x00000000eaf00000)
  to   space 2048K, 0% used [0x00000000eb000000,0x00000000eb000000,0x00000000eb200000)
 ParOldGen       total 156672K, used 155765K [0x00000000c0000000, 0x00000000c9900000, 0x00000000eab00000)
  object space 156672K, 99% used [0x00000000c0000000,0x00000000c981d740,0x00000000c9900000)
 Metaspace       used 79561K, capacity 82942K, committed 83200K, reserved 1124352K
  class space    used 7776K, capacity 9074K, committed 9216K, reserved 1048576K
GC Heap History (20 events):
Event: 2038.410 GC heap after
{Heap after GC invocations=3622 (full 68):
 PSYoungGen      total 4096K, used 480K [0x00000000eab00000, 0x00000000eb000000, 0x0000000100000000)
  eden space 3072K, 0% used [0x00000000eab00000,0x00000000eab00000,0x00000000eae00000)
  from space 1024K, 46% used [0x00000000eaf00000,0x00000000eaf78000,0x00000000eb000000)
  to   space 1024K, 0% used [0x00000000eae00000,0x00000000eae00000,0x00000000eaf00000)
 ParOldGen       total 156672K, used 153697K [0x00000000c0000000, 0x00000000c9900000, 0x00000000eab00000)
  object space 156672K, 98% used [0x00000000c0000000,0x00000000c9618518,0x00000000c9900000)
 Metaspace       used 79555K, capacity 82942K, committed 83200K, reserved 1124352K
  class space    used 7776K, capacity 9074K, committed 9216K, reserved 1048576K
}
Event: 2038.421 GC heap before
{Heap before GC invocations=3623 (full 68):
 PSYoungGen      total 4096K, used 3552K [0x00000000eab00000, 0x00000000eb000000, 0x0000000100000000)
  eden space 3072K, 100% used [0x00000000eab00000,0x00000000eae00000,0x00000000eae00000)
  from space 1024K, 46% used [0x00000000eaf00000,0x00000000eaf78000,0x00000000eb000000)
  to   space 1024K, 0% used [0x00000000eae00000,0x00000000eae00000,0x00000000eaf00000)
 ParOldGen       total 156672K, used 153697K [0x00000000c0000000, 0x00000000c9900000, 0x00000000eab00000)
  object space 156672K, 98% used [0x00000000c0000000,0x00000000c9618518,0x00000000c9900000)
 Metaspace       used 79555K, capacity 82942K, committed 83200K, reserved 1124352K
  class space    used 7776K, capacity 9074K, committed 9216K, reserved 1048576K
}
Event: 2038.423 GC heap after
{Heap after GC invocations=3623 (full 68):
 PSYoungGen      total 4096K, used 96K [0x00000000eab00000, 0x00000000eaf80000, 0x0000000100000000)
  eden space 3072K, 0% used [0x00000000eab00000,0x00000000eab00000,0x00000000eae00000)
  from space 1024K, 9% used [0x00000000eae00000,0x00000000eae18000,0x00000000eaf00000)
  to   space 512K, 0% used [0x00000000eaf00000,0x00000000eaf00000,0x00000000eaf80000)
 ParOldGen       total 156672K, used 154050K [0x00000000c0000000, 0x00000000c9900000, 0x00000000eab00000)
  object space 156672K, 98% used [0x00000000c0000000,0x00000000c9670868,0x00000000c9900000)
 Metaspace       used 79555K, capacity 82942K, committed 83200K, reserved 1124352K
  class space    used 7776K, capacity 9074K, committed 9216K, reserved 1048576K
}
Event: 2038.434 GC heap before
{Heap before GC invocations=3624 (full 68):
 PSYoungGen      total 4096K, used 3168K [0x00000000eab00000, 0x00000000eaf80000, 0x0000000100000000)
  eden space 3072K, 100% used [0x00000000eab00000,0x00000000eae00000,0x00000000eae00000)
  from space 1024K, 9% used [0x00000000eae00000,0x00000000eae18000,0x00000000eaf00000)
  to   space 512K, 0% used [0x00000000eaf00000,0x00000000eaf00000,0x00000000eaf80000)
 ParOldGen       total 156672K, used 154050K [0x00000000c0000000, 0x00000000c9900000, 0x00000000eab00000)
  object space 156672K, 98% used [0x00000000c0000000,0x00000000c9670868,0x00000000c9900000)
 Metaspace       used 79555K, capacity 82942K, committed 83200K, reserved 1124352K
  class space    used 7776K, capacity 9074K, committed 9216K, reserved 1048576K
}
Event: 2038.437 GC heap after
{Heap after GC invocations=3624 (full 68):
 PSYoungGen      total 3584K, used 192K [0x00000000eab00000, 0x00000000eaf80000, 0x0000000100000000)
  eden space 3072K, 0% used [0x00000000eab00000,0x00000000eab00000,0x00000000eae00000)
  from space 512K, 37% used [0x00000000eaf00000,0x00000000eaf30000,0x00000000eaf80000)
  to   space 512K, 0% used [0x00000000eae80000,0x00000000eae80000,0x00000000eaf00000)
 ParOldGen       total 156672K, used 154074K [0x00000000c0000000, 0x00000000c9900000, 0x00000000eab00000)
  object space 156672K, 98% used [0x00000000c0000000,0x00000000c9676868,0x00000000c9900000)
 Metaspace       used 79555K, capacity 82942K, committed 83200K, reserved 1124352K
  class space    used 7776K, capacity 9074K, committed 9216K, reserved 1048576K
}
Event: 2038.818 GC heap before
{Heap before GC invocations=3625 (full 68):
 PSYoungGen      total 3584K, used 3264K [0x00000000eab00000, 0x00000000eaf80000, 0x0000000100000000)
  eden space 3072K, 100% used [0x00000000eab00000,0x00000000eae00000,0x00000000eae00000)
  from space 512K, 37% used [0x00000000eaf00000,0x00000000eaf30000,0x00000000eaf80000)
  to   space 512K, 0% used [0x00000000eae80000,0x00000000eae80000,0x00000000eaf00000)
 ParOldGen       total 156672K, used 154074K [0x00000000c0000000, 0x00000000c9900000, 0x00000000eab00000)
  object space 156672K, 98% used [0x00000000c0000000,0x00000000c9676868,0x00000000c9900000)
 Metaspace       used 79557K, capacity 82942K, committed 83200K, reserved 1124352K
  class space    used 7776K, capacity 9074K, committed 9216K, reserved 1048576K
}
Event: 2038.821 GC heap after
{Heap after GC invocations=3625 (full 68):
 PSYoungGen      total 3584K, used 288K [0x00000000eab00000, 0x00000000eaf80000, 0x0000000100000000)
  eden space 3072K, 0% used [0x00000000eab00000,0x00000000eab00000,0x00000000eae00000)
  from space 512K, 56% used [0x00000000eae80000,0x00000000eaec8000,0x00000000eaf00000)
  to   space 512K, 0% used [0x00000000eaf00000,0x00000000eaf00000,0x00000000eaf80000)
 ParOldGen       total 156672K, used 154098K [0x00000000c0000000, 0x00000000c9900000, 0x00000000eab00000)
  object space 156672K, 98% used [0x00000000c0000000,0x00000000c967c868,0x00000000c9900000)
 Metaspace       used 79557K, capacity 82942K, committed 83200K, reserved 1124352K
  class space    used 7776K, capacity 9074K, committed 9216K, reserved 1048576K
}
Event: 2038.832 GC heap before
{Heap before GC invocations=3626 (full 68):
 PSYoungGen      total 3584K, used 3360K [0x00000000eab00000, 0x00000000eaf80000, 0x0000000100000000)
  eden space 3072K, 100% used [0x00000000eab00000,0x00000000eae00000,0x00000000eae00000)
  from space 512K, 56% used [0x00000000eae80000,0x00000000eaec8000,0x00000000eaf00000)
  to   space 512K, 0% used [0x00000000eaf00000,0x00000000eaf00000,0x00000000eaf80000)
 ParOldGen       total 156672K, used 154098K [0x00000000c0000000, 0x00000000c9900000, 0x00000000eab00000)
  object space 156672K, 98% used [0x00000000c0000000,0x00000000c967c868,0x00000000c9900000)
 Metaspace       used 79557K, capacity 82942K, committed 83200K, reserved 1124352K
  class space    used 7776K, capacity 9074K, committed 9216K, reserved 1048576K
}
Event: 2038.834 GC heap after
{Heap after GC invocations=3626 (full 68):
 PSYoungGen      total 3584K, used 160K [0x00000000eab00000, 0x00000000eaf80000, 0x0000000100000000)
  eden space 3072K, 0% used [0x00000000eab00000,0x00000000eab00000,0x00000000eae00000)
  from space 512K, 31% used [0x00000000eaf00000,0x00000000eaf28000,0x00000000eaf80000)
  to   space 512K, 0% used [0x00000000eae80000,0x00000000eae80000,0x00000000eaf00000)
 ParOldGen       total 156672K, used 154238K [0x00000000c0000000, 0x00000000c9900000, 0x00000000eab00000)
  object space 156672K, 98% used [0x00000000c0000000,0x00000000c969fbc8,0x00000000c9900000)
 Metaspace       used 79557K, capacity 82942K, committed 83200K, reserved 1124352K
  class space    used 7776K, capacity 9074K, committed 9216K, reserved 1048576K
}
Event: 2038.843 GC heap before
{Heap before GC invocations=3627 (full 68):
 PSYoungGen      total 3584K, used 3232K [0x00000000eab00000, 0x00000000eaf80000, 0x0000000100000000)
  eden space 3072K, 100% used [0x00000000eab00000,0x00000000eae00000,0x00000000eae00000)
  from space 512K, 31% used [0x00000000eaf00000,0x00000000eaf28000,0x00000000eaf80000)
  to   space 512K, 0% used [0x00000000eae80000,0x00000000eae80000,0x00000000eaf00000)
 ParOldGen       total 156672K, used 154238K [0x00000000c0000000, 0x00000000c9900000, 0x00000000eab00000)
  object space 156672K, 98% used [0x00000000c0000000,0x00000000c969fbc8,0x00000000c9900000)
 Metaspace       used 79557K, capacity 82942K, committed 83200K, reserved 1124352K
  class space    used 7776K, capacity 9074K, committed 9216K, reserved 1048576K
}
Event: 2038.845 GC heap after
{Heap after GC invocations=3627 (full 68):
 PSYoungGen      total 3584K, used 192K [0x00000000eab00000, 0x00000000eaf80000, 0x0000000100000000)
  eden space 3072K, 0% used [0x00000000eab00000,0x00000000eab00000,0x00000000eae00000)
  from space 512K, 37% used [0x00000000eae80000,0x00000000eaeb0000,0x00000000eaf00000)
  to   space 512K, 0% used [0x00000000eaf00000,0x00000000eaf00000,0x00000000eaf80000)
 ParOldGen       total 156672K, used 154270K [0x00000000c0000000, 0x00000000c9900000, 0x00000000eab00000)
  object space 156672K, 98% used [0x00000000c0000000,0x00000000c96a7bc8,0x00000000c9900000)
 Metaspace       used 79557K, capacity 82942K, committed 83200K, reserved 1124352K
  class space    used 7776K, capacity 9074K, committed 9216K, reserved 1048576K
}
Event: 2039.197 GC heap before
{Heap before GC invocations=3628 (full 68):
 PSYoungGen      total 3584K, used 3264K [0x00000000eab00000, 0x00000000eaf80000, 0x0000000100000000)
  eden space 3072K, 100% used [0x00000000eab00000,0x00000000eae00000,0x00000000eae00000)
  from space 512K, 37% used [0x00000000eae80000,0x00000000eaeb0000,0x00000000eaf00000)
  to   space 512K, 0% used [0x00000000eaf00000,0x00000000eaf00000,0x00000000eaf80000)
 ParOldGen       total 156672K, used 154270K [0x00000000c0000000, 0x00000000c9900000, 0x00000000eab00000)
  object space 156672K, 98% used [0x00000000c0000000,0x00000000c96a7bc8,0x00000000c9900000)
 Metaspace       used 79557K, capacity 82942K, committed 83200K, reserved 1124352K
  class space    used 7776K, capacity 9074K, committed 9216K, reserved 1048576K
}
Event: 2039.198 GC heap after
{Heap after GC invocations=3628 (full 68):
 PSYoungGen      total 3584K, used 288K [0x00000000eab00000, 0x00000000eaf80000, 0x0000000100000000)
  eden space 3072K, 0% used [0x00000000eab00000,0x00000000eab00000,0x00000000eae00000)
  from space 512K, 56% used [0x00000000eaf00000,0x00000000eaf48000,0x00000000eaf80000)
  to   space 512K, 0% used [0x00000000eae80000,0x00000000eae80000,0x00000000eaf00000)
 ParOldGen       total 156672K, used 154294K [0x00000000c0000000, 0x00000000c9900000, 0x00000000eab00000)
  object space 156672K, 98% used [0x00000000c0000000,0x00000000c96adbc8,0x00000000c9900000)
 Metaspace       used 79557K, capacity 82942K, committed 83200K, reserved 1124352K
  class space    used 7776K, capacity 9074K, committed 9216K, reserved 1048576K
}
Event: 2039.208 GC heap before
{Heap before GC invocations=3629 (full 68):
 PSYoungGen      total 3584K, used 3360K [0x00000000eab00000, 0x00000000eaf80000, 0x0000000100000000)
  eden space 3072K, 100% used [0x00000000eab00000,0x00000000eae00000,0x00000000eae00000)
  from space 512K, 56% used [0x00000000eaf00000,0x00000000eaf48000,0x00000000eaf80000)
  to   space 512K, 0% used [0x00000000eae80000,0x00000000eae80000,0x00000000eaf00000)
 ParOldGen       total 156672K, used 154294K [0x00000000c0000000, 0x00000000c9900000, 0x00000000eab00000)
  object space 156672K, 98% used [0x00000000c0000000,0x00000000c96adbc8,0x00000000c9900000)
 Metaspace       used 79557K, capacity 82942K, committed 83200K, reserved 1124352K
  class space    used 7776K, capacity 9074K, committed 9216K, reserved 1048576K
}
Event: 2039.210 GC heap after
{Heap after GC invocations=3629 (full 68):
 PSYoungGen      total 3584K, used 192K [0x00000000eab00000, 0x00000000eaf80000, 0x0000000100000000)
  eden space 3072K, 0% used [0x00000000eab00000,0x00000000eab00000,0x00000000eae00000)
  from space 512K, 37% used [0x00000000eae80000,0x00000000eaeb0000,0x00000000eaf00000)
  to   space 512K, 0% used [0x00000000eaf00000,0x00000000eaf00000,0x00000000eaf80000)
 ParOldGen       total 156672K, used 154439K [0x00000000c0000000, 0x00000000c9900000, 0x00000000eab00000)
  object space 156672K, 98% used [0x00000000c0000000,0x00000000c96d1eb8,0x00000000c9900000)
 Metaspace       used 79557K, capacity 82942K, committed 83200K, reserved 1124352K
  class space    used 7776K, capacity 9074K, committed 9216K, reserved 1048576K
}
Event: 2039.220 GC heap before
{Heap before GC invocations=3630 (full 68):
 PSYoungGen      total 3584K, used 3264K [0x00000000eab00000, 0x00000000eaf80000, 0x0000000100000000)
  eden space 3072K, 100% used [0x00000000eab00000,0x00000000eae00000,0x00000000eae00000)
  from space 512K, 37% used [0x00000000eae80000,0x00000000eaeb0000,0x00000000eaf00000)
  to   space 512K, 0% used [0x00000000eaf00000,0x00000000eaf00000,0x00000000eaf80000)
 ParOldGen       total 156672K, used 154439K [0x00000000c0000000, 0x00000000c9900000, 0x00000000eab00000)
  object space 156672K, 98% used [0x00000000c0000000,0x00000000c96d1eb8,0x00000000c9900000)
 Metaspace       used 79557K, capacity 82942K, committed 83200K, reserved 1124352K
  class space    used 7776K, capacity 9074K, committed 9216K, reserved 1048576K
}
Event: 2039.221 GC heap after
{Heap after GC invocations=3630 (full 68):
 PSYoungGen      total 3584K, used 224K [0x00000000eab00000, 0x00000000eaf80000, 0x0000000100000000)
  eden space 3072K, 0% used [0x00000000eab00000,0x00000000eab00000,0x00000000eae00000)
  from space 512K, 43% used [0x00000000eaf00000,0x00000000eaf38000,0x00000000eaf80000)
  to   space 512K, 0% used [0x00000000eae80000,0x00000000eae80000,0x00000000eaf00000)
 ParOldGen       total 156672K, used 154487K [0x00000000c0000000, 0x00000000c9900000, 0x00000000eab00000)
  object space 156672K, 98% used [0x00000000c0000000,0x00000000c96ddeb8,0x00000000c9900000)
 Metaspace       used 79557K, capacity 82942K, committed 83200K, reserved 1124352K
  class space    used 7776K, capacity 9074K, committed 9216K, reserved 1048576K
}
Event: 2039.755 GC heap before
{Heap before GC invocations=3631 (full 68):
 PSYoungGen      total 3584K, used 3296K [0x00000000eab00000, 0x00000000eaf80000, 0x0000000100000000)
  eden space 3072K, 100% used [0x00000000eab00000,0x00000000eae00000,0x00000000eae00000)
  from space 512K, 43% used [0x00000000eaf00000,0x00000000eaf38000,0x00000000eaf80000)
  to   space 512K, 0% used [0x00000000eae80000,0x00000000eae80000,0x00000000eaf00000)
 ParOldGen       total 156672K, used 154487K [0x00000000c0000000, 0x00000000c9900000, 0x00000000eab00000)
  object space 156672K, 98% used [0x00000000c0000000,0x00000000c96ddeb8,0x00000000c9900000)
 Metaspace       used 79561K, capacity 82942K, committed 83200K, reserved 1124352K
  class space    used 7776K, capacity 9074K, committed 9216K, reserved 1048576K
}
Event: 2039.757 GC heap after
{Heap after GC invocations=3631 (full 68):
 PSYoungGen      total 3584K, used 502K [0x00000000eab00000, 0x00000000eb200000, 0x0000000100000000)
  eden space 3072K, 0% used [0x00000000eab00000,0x00000000eab00000,0x00000000eae00000)
  from space 512K, 98% used [0x00000000eae80000,0x00000000eaefd888,0x00000000eaf00000)
  to   space 2048K, 0% used [0x00000000eb000000,0x00000000eb000000,0x00000000eb200000)
 ParOldGen       total 156672K, used 155765K [0x00000000c0000000, 0x00000000c9900000, 0x00000000eab00000)
  object space 156672K, 99% used [0x00000000c0000000,0x00000000c981d740,0x00000000c9900000)
 Metaspace       used 79561K, capacity 82942K, committed 83200K, reserved 1124352K
  class space    used 7776K, capacity 9074K, committed 9216K, reserved 1048576K
}
Event: 2039.757 GC heap before
{Heap before GC invocations=3632 (full 69):
 PSYoungGen      total 3584K, used 502K [0x00000000eab00000, 0x00000000eb200000, 0x0000000100000000)
  eden space 3072K, 0% used [0x00000000eab00000,0x00000000eab00000,0x00000000eae00000)
  from space 512K, 98% used [0x00000000eae80000,0x00000000eaefd888,0x00000000eaf00000)
  to   space 2048K, 0% used [0x00000000eb000000,0x00000000eb000000,0x00000000eb200000)
 ParOldGen       total 156672K, used 155765K [0x00000000c0000000, 0x00000000c9900000, 0x00000000eab00000)
  object space 156672K, 99% used [0x00000000c0000000,0x00000000c981d740,0x00000000c9900000)
 Metaspace       used 79561K, capacity 82942K, committed 83200K, reserved 1124352K
  class space    used 7776K, capacity 9074K, committed 9216K, reserved 1048576K
}

